<?xml version="1.0" encoding="UTF-8"?>
<coverage generated="1705801885930" clover="3.2.0">
  <project timestamp="1705801885930" name="All files">
    <metrics statements="11" coveredstatements="10" conditionals="0" coveredconditionals="0" methods="5" coveredmethods="4" elements="16" coveredelements="14" complexity="0" loc="11" ncloc="11" packages="1" files="2" classes="2"/>
    <file name="App.js" path="C:\Users\lenovo\Documents\DailyTry\NamasteReact\Day1\App.js">
      <metrics statements="9" coveredstatements="8" conditionals="0" coveredconditionals="0" methods="4" coveredmethods="3"/>
      <line num="25" count="1" type="stmt"/>
      <line num="29" count="3" type="stmt"/>
      <line num="30" count="1" type="stmt"/>
      <line num="31" count="3" type="stmt"/>
      <line num="36" count="1" type="stmt"/>
      <line num="37" count="3" type="stmt"/>
      <line num="45" count="1" type="stmt"/>
      <line num="56" count="1" type="stmt"/>
      <line num="57" count="0" type="stmt"/>
    </file>
    <file name="sum.js" path="C:\Users\lenovo\Documents\DailyTry\NamasteReact\Day1\sum.js">
      <metrics statements="2" coveredstatements="2" conditionals="0" coveredconditionals="0" methods="1" coveredmethods="1"/>
      <line num="1" count="1" type="stmt"/>
      <line num="2" count="1" type="stmt"/>
    </file>
  </project>
</coverage>
