{"C:\\Users\\lenovo\\Documents\\DailyTry\\NamasteReact\\Day1\\App.js": {"path":"C:\\Users\\lenovo\\Documents\\DailyTry\\NamasteReact\\Day1\\App.js","statementMap":{"0":{"start":{"line":25,"column":2},"end":{"line":27,"column":7}},"1":{"start":{"line":29,"column":29},"end":{"line":29,"column":52}},"2":{"start":{"line":29,"column":35},"end":{"line":29,"column":52}},"3":{"start":{"line":30,"column":14},"end":{"line":35,"column":1}},"4":{"start":{"line":31,"column":2},"end":{"line":34,"column":8}},"5":{"start":{"line":36,"column":32},"end":{"line":44,"column":1}},"6":{"start":{"line":37,"column":2},"end":{"line":43,"column":4}},"7":{"start":{"line":45,"column":0},"end":{"line":45,"column":28}},"8":{"start":{"line":56,"column":0},"end":{"line":62,"column":3}},"9":{"start":{"line":57,"column":2},"end":{"line":61,"column":4}}},"fnMap":{"0":{"name":"(anonymous_0)","decl":{"start":{"line":29,"column":29},"end":{"line":29,"column":30}},"loc":{"start":{"line":29,"column":35},"end":{"line":29,"column":52}},"line":29},"1":{"name":"(anonymous_1)","decl":{"start":{"line":30,"column":14},"end":{"line":30,"column":15}},"loc":{"start":{"line":31,"column":2},"end":{"line":34,"column":8}},"line":31},"2":{"name":"(anonymous_2)","decl":{"start":{"line":36,"column":32},"end":{"line":36,"column":33}},"loc":{"start":{"line":36,"column":38},"end":{"line":44,"column":1}},"line":36},"3":{"name":"(anonymous_3)","decl":{"start":{"line":56,"column":46},"end":{"line":56,"column":47}},"loc":{"start":{"line":56,"column":58},"end":{"line":62,"column":1}},"line":56}},"branchMap":{},"s":{"0":1,"1":1,"2":3,"3":1,"4":3,"5":1,"6":3,"7":1,"8":1,"9":0},"f":{"0":3,"1":3,"2":3,"3":0},"b":{},"_coverageSchema":"1a1c01bbd47fc00a2c39e90264f33305004495a9","hash":"ffe9044b8ce392ae7c5df6422a5dcbb4fedd074a"}
,"C:\\Users\\lenovo\\Documents\\DailyTry\\NamasteReact\\Day1\\sum.js": {"path":"C:\\Users\\lenovo\\Documents\\DailyTry\\NamasteReact\\Day1\\sum.js","statementMap":{"0":{"start":{"line":1,"column":19},"end":{"line":3,"column":1}},"1":{"start":{"line":2,"column":2},"end":{"line":2,"column":15}}},"fnMap":{"0":{"name":"(anonymous_0)","decl":{"start":{"line":1,"column":19},"end":{"line":1,"column":20}},"loc":{"start":{"line":1,"column":29},"end":{"line":3,"column":1}},"line":1}},"branchMap":{},"s":{"0":1,"1":1},"f":{"0":1},"b":{},"_coverageSchema":"1a1c01bbd47fc00a2c39e90264f33305004495a9","hash":"682d349375a3359e9068f536c9a8ffecf6606c74"}
}
